SF:lib/uiwidgets/fields.dart
DA:13,2
DA:19,2
DA:20,2
DA:34,2
DA:36,4
DA:37,4
DA:38,2
DA:41,2
DA:43,2
DA:44,2
DA:45,2
DA:46,0
DA:49,2
DA:50,2
DA:54,2
DA:55,2
DA:63,2
DA:65,2
DA:69,10
DA:71,4
DA:74,4
LF:21
LH:20
BRDA:13,0,0,2
BRDA:19,0,0,2
BRDA:34,0,0,2
BRDA:41,0,0,2
BRDA:46,0,0,0
BRDA:69,0,0,4
end_of_record
SF:lib/provider/encryptor.dart
DA:11,2
DA:18,3
DA:19,2
DA:20,2
DA:22,1
DA:23,2
DA:27,1
DA:29,1
DA:34,2
DA:35,6
DA:37,2
DA:38,2
DA:39,6
DA:40,4
DA:41,2
DA:42,6
DA:43,2
DA:44,2
DA:45,2
DA:48,2
DA:54,2
DA:60,2
DA:61,4
DA:62,2
DA:63,8
DA:67,2
DA:69,6
DA:70,6
DA:71,2
DA:72,10
DA:73,8
DA:75,2
DA:77,2
DA:78,2
DA:79,6
DA:80,6
DA:81,2
LF:37
LH:37
BRDA:11,0,0,2
BRDA:18,0,0,1
BRDA:22,0,0,1
BRDA:27,0,0,1
BRDA:34,0,0,2
BRDA:37,0,0,2
BRDA:54,0,0,2
BRDA:60,0,0,2
BRDA:67,0,0,2
BRDA:77,0,0,2
end_of_record
SF:lib/provider/theme_settings.dart
DA:15,4
DA:18,1
DA:19,1
DA:41,8
DA:43,4
DA:46,2
DA:65,0
DA:69,0
DA:71,6
DA:72,2
DA:75,2
DA:80,4
DA:83,1
DA:85,1
DA:86,1
DA:89,1
DA:91,1
LF:17
LH:15
BRDA:15,0,0,2
BRDA:41,0,0,4
BRDA:65,0,0,0
BRDA:71,0,0,4
BRDA:80,0,0,2
BRDA:83,0,0,1
end_of_record
SF:lib/main.dart
DA:7,2
DA:10,2
DA:11,2
DA:18,2
DA:20,2
DA:21,2
DA:27,2
DA:29,2
DA:30,4
DA:31,0
DA:32,0
DA:33,0
DA:34,2
DA:35,0
DA:36,0
DA:37,0
DA:40,2
DA:43,6
DA:46,2
DA:48,4
DA:49,2
DA:52,2
DA:54,2
DA:55,4
DA:56,2
DA:57,2
DA:58,2
DA:60,2
DA:67,1
DA:69,1
DA:70,1
DA:71,1
DA:72,0
DA:73,0
DA:74,0
DA:76,0
DA:77,0
DA:81,1
LF:38
LH:27
BRDA:7,0,0,2
BRDA:18,0,0,0
BRDA:20,0,0,2
BRDA:27,0,0,2
BRDA:31,0,0,0
BRDA:32,0,0,0
BRDA:33,0,0,0
BRDA:34,0,0,1
BRDA:35,0,0,0
BRDA:36,0,0,0
BRDA:37,0,0,0
BRDA:43,0,0,2
BRDA:46,0,0,2
BRDA:52,0,0,2
BRDA:55,0,0,2
BRDA:56,0,0,2
BRDA:67,0,0,1
BRDA:74,0,0,0
BRDA:81,0,0,1
end_of_record
SF:lib/provider/settings.dart
DA:39,4
DA:41,1
DA:44,2
DA:53,2
DA:54,2
DA:55,6
DA:57,2
DA:60,2
DA:61,2
DA:65,2
DA:66,2
DA:67,0
DA:69,2
DA:71,6
DA:73,4
DA:81,2
DA:82,2
DA:84,2
DA:87,4
DA:94,2
DA:95,2
DA:96,6
DA:98,2
DA:101,0
DA:104,2
DA:105,4
DA:106,2
DA:108,2
DA:109,2
DA:112,2
DA:113,2
DA:115,2
DA:118,2
DA:120,2
DA:122,2
DA:126,6
DA:127,4
DA:128,3
DA:129,6
DA:130,4
DA:131,4
DA:132,2
DA:133,2
DA:134,4
DA:138,1
DA:139,6
DA:140,6
DA:141,4
DA:142,1
DA:143,2
DA:144,0
DA:145,0
DA:147,3
DA:148,6
DA:149,4
DA:150,1
DA:151,2
DA:153,3
LF:58
LH:54
BRDA:39,0,0,3
BRDA:53,0,0,2
BRDA:81,0,0,2
BRDA:94,0,0,2
BRDA:112,0,0,2
BRDA:126,0,0,2
BRDA:127,0,0,1
BRDA:128,0,0,1
BRDA:129,0,0,2
BRDA:130,0,0,1
BRDA:131,0,0,2
BRDA:132,0,0,2
BRDA:138,0,0,1
BRDA:139,0,0,2
BRDA:140,0,0,2
BRDA:147,0,0,1
BRDA:148,0,0,2
BRDA:149,0,0,1
BRDA:150,0,0,1
end_of_record
SF:lib/helper/file_manager.dart
DA:9,1
DA:11,2
DA:13,0
DA:14,0
DA:15,0
DA:17,0
LF:6
LH:2
BRDA:9,0,0,1
end_of_record
SF:lib/pages/welcome.dart
DA:14,2
DA:16,2
DA:17,2
DA:22,2
DA:24,2
DA:26,2
DA:28,2
DA:29,2
DA:30,2
DA:33,2
DA:35,2
DA:39,2
DA:41,2
DA:42,2
DA:43,2
DA:45,2
DA:48,2
DA:52,2
DA:53,2
DA:54,2
DA:58,2
DA:60,2
DA:63,2
DA:64,2
DA:66,2
DA:67,2
DA:68,2
DA:77,2
DA:81,2
DA:83,2
DA:84,2
DA:85,2
DA:87,2
DA:90,2
DA:93,2
DA:94,2
DA:95,2
DA:99,2
DA:101,2
DA:102,2
DA:103,2
DA:105,4
DA:113,2
DA:115,0
DA:116,2
DA:118,2
DA:119,2
DA:120,2
DA:126,2
DA:128,0
DA:129,2
DA:131,2
DA:132,2
DA:133,2
DA:141,2
DA:144,2
DA:146,2
DA:147,2
DA:148,2
DA:151,2
DA:153,2
DA:154,2
DA:157,2
DA:159,2
DA:161,2
DA:162,2
DA:163,2
DA:167,2
DA:172,2
DA:174,2
DA:175,2
DA:176,2
DA:177,2
DA:201,2
DA:204,0
DA:205,0
DA:208,0
DA:212,2
DA:213,2
DA:214,2
DA:216,2
DA:217,2
DA:218,2
DA:235,2
DA:236,2
DA:237,2
DA:238,1
DA:242,1
DA:244,1
DA:248,1
DA:256,0
DA:288,0
DA:320,1
DA:323,1
DA:326,1
DA:327,1
DA:329,1
DA:330,1
DA:331,1
DA:335,1
DA:338,1
DA:339,1
DA:344,1
DA:345,1
DA:347,2
DA:354,1
DA:357,1
DA:359,1
DA:361,1
DA:362,1
DA:364,1
DA:365,1
DA:366,1
DA:368,1
DA:371,1
DA:372,1
DA:376,1
DA:377,1
DA:379,1
DA:389,1
DA:391,1
DA:392,1
DA:394,1
DA:395,1
DA:396,1
DA:400,1
DA:401,1
DA:403,2
DA:406,1
DA:408,1
DA:409,1
DA:410,1
DA:422,1
DA:423,1
DA:424,2
DA:425,1
DA:426,1
DA:427,2
DA:428,2
DA:429,1
DA:430,1
DA:433,1
DA:435,1
DA:437,1
DA:438,1
DA:440,1
DA:441,1
DA:442,1
DA:444,1
DA:446,1
DA:448,1
DA:453,1
DA:455,1
DA:458,2
DA:466,1
DA:467,1
DA:469,2
DA:470,2
DA:473,1
DA:475,1
DA:476,1
DA:478,1
DA:479,1
DA:480,1
DA:482,1
DA:483,1
DA:487,1
DA:488,1
LF:168
LH:161
BRDA:14,0,0,0
BRDA:16,0,0,2
BRDA:22,0,0,2
BRDA:105,0,0,2
BRDA:115,0,0,0
BRDA:128,0,0,0
BRDA:204,0,0,0
BRDA:208,0,0,0
BRDA:235,0,0,2
BRDA:256,0,0,0
BRDA:288,0,0,0
BRDA:320,0,0,1
BRDA:326,0,0,1
BRDA:338,0,0,1
BRDA:347,0,0,1
BRDA:354,0,0,1
BRDA:361,0,0,1
BRDA:371,0,0,1
BRDA:379,0,0,1
BRDA:391,0,0,1
BRDA:403,0,0,1
BRDA:408,0,0,1
BRDA:422,0,0,1
BRDA:433,0,0,1
BRDA:437,0,0,1
BRDA:446,0,0,1
BRDA:458,0,0,1
BRDA:466,0,0,1
BRDA:475,0,0,1
end_of_record
SF:lib/pages/calendar.dart
DA:6,1
DA:7,2
DA:9,3
DA:11,1
DA:12,1
DA:17,1
DA:19,1
DA:20,1
DA:21,1
DA:22,1
DA:24,2
DA:25,3
LF:12
LH:12
BRDA:6,0,0,1
BRDA:7,0,0,1
BRDA:9,0,0,0
BRDA:11,0,0,1
BRDA:17,0,0,1
BRDA:24,0,0,1
end_of_record
SF:lib/pages/dashboard.dart
DA:5,2
DA:6,4
DA:9,3
DA:11,2
DA:12,2
DA:17,2
DA:19,2
DA:20,2
DA:21,2
DA:22,2
DA:24,3
DA:25,3
LF:12
LH:12
BRDA:5,0,0,2
BRDA:6,0,0,2
BRDA:9,0,0,0
BRDA:11,0,0,2
BRDA:17,0,0,2
BRDA:24,0,0,1
end_of_record
SF:lib/pages/entries.dart
DA:5,1
DA:6,2
DA:9,4
DA:11,2
DA:12,2
DA:16,2
DA:18,2
DA:19,2
DA:20,2
DA:21,2
DA:23,2
DA:24,1
DA:25,3
DA:42,3
DA:44,2
DA:47,2
DA:48,6
DA:49,2
DA:50,2
DA:51,2
DA:54,2
DA:55,2
DA:58,1
DA:59,2
DA:62,1
DA:63,2
DA:66,1
LF:27
LH:27
BRDA:5,0,0,1
BRDA:6,0,0,1
BRDA:9,0,0,0
BRDA:11,0,0,2
BRDA:16,0,0,2
BRDA:24,0,0,1
BRDA:42,0,0,0
BRDA:44,0,0,2
BRDA:58,0,0,1
BRDA:62,0,0,1
BRDA:66,0,0,1
end_of_record
SF:lib/pages/plans.dart
DA:5,1
DA:6,2
DA:8,3
DA:10,1
DA:11,1
DA:15,1
DA:17,1
DA:18,1
DA:19,1
DA:20,1
DA:22,2
DA:23,3
LF:12
LH:12
BRDA:5,0,0,1
BRDA:6,0,0,1
BRDA:8,0,0,0
BRDA:10,0,0,1
BRDA:15,0,0,1
BRDA:22,0,0,1
end_of_record
SF:lib/pages/settings.dart
DA:8,1
DA:9,2
DA:12,5
DA:14,1
DA:15,1
DA:24,1
DA:26,1
DA:27,2
DA:28,1
DA:30,1
DA:34,1
DA:35,1
DA:37,1
DA:39,1
DA:42,1
DA:44,1
DA:45,1
DA:46,1
DA:50,1
DA:52,1
DA:54,3
DA:60,1
DA:61,1
DA:64,1
DA:65,1
DA:66,3
DA:68,1
DA:72,1
DA:75,3
DA:76,1
DA:77,2
DA:81,1
DA:83,1
DA:84,1
DA:88,1
DA:90,1
DA:91,1
DA:95,1
DA:97,1
DA:98,1
DA:102,1
DA:104,1
DA:106,1
DA:107,2
DA:118,1
DA:120,1
DA:121,0
DA:125,2
DA:126,3
LF:49
LH:48
BRDA:8,0,0,1
BRDA:9,0,0,1
BRDA:12,0,0,0
BRDA:14,0,0,1
BRDA:24,0,0,1
BRDA:66,0,0,1
BRDA:75,0,0,2
BRDA:84,0,0,1
BRDA:91,0,0,1
BRDA:98,0,0,1
BRDA:106,0,0,1
BRDA:121,0,0,0
BRDA:125,0,0,1
end_of_record
SF:lib/uiwidgets/buttons.dart
DA:7,2
DA:13,0
DA:15,0
DA:18,0
DA:19,0
DA:20,0
DA:30,2
DA:36,2
DA:38,6
DA:39,6
DA:40,2
DA:43,2
DA:44,2
DA:45,2
DA:46,2
DA:50,2
LF:16
LH:11
BRDA:7,0,0,2
BRDA:13,0,0,0
BRDA:30,0,0,2
BRDA:36,0,0,2
end_of_record
