<?xml version="1.0" encoding="UTF-8" standalone="no"?>
<?xml-stylesheet type="text/xsl" href="../../jgenhtml.xsl"?><coverage branch-rate="0.6666667" branches-covered="2" branches-valid="3" complexity="0" date="2023-10-15" filename="index" function-rate="NaN" functions-covered="0" functions-valid="0" line-rate="1.0" lines-covered="11" lines-valid="11" package="lib/uiwidgets" testname="lcov.info" version="1.6">
<sources>
<source branches-hit="2" branches-valid="3" filename="settings_button.dart" functions-hit="0" functions-valid="0" lines-hit="11" lines-valid="11" prefix="/Users/Katri/Desktop/PocketTherapist/Pocket-Therapist/app/">
<testCase branches-hit="2" functions-hit="0" lines-hit="11" name="&lt;unnamed&gt;"/>
</source>
</sources>
<config branch-coverage="true" description-file="false" function-coverage="true" genhtml_hi_limit="90" genhtml_med_limit="75" legend="false" no-sort="false" no-source="false" show-details="false"/>
<base href="../../"/>
<base href="../../"/>
</coverage>
