SF:lib\main.dart
DA:8,6
DA:10,6
DA:11,6
DA:18,6
DA:20,6
DA:21,6
DA:27,6
DA:29,6
DA:30,12
DA:31,0
DA:32,0
DA:33,0
DA:34,2
DA:35,0
DA:36,0
DA:37,0
DA:40,6
DA:43,18
DA:47,6
DA:49,12
DA:50,6
DA:53,6
DA:55,6
DA:56,12
DA:57,6
DA:58,6
DA:59,6
DA:61,6
DA:68,1
DA:70,1
DA:71,1
DA:72,1
DA:73,0
DA:74,0
DA:75,0
DA:77,0
DA:78,0
DA:82,1
LF:38
LH:27
end_of_record
SF:lib\exceptions\exception.dart
DA:6,0
LF:1
LH:0
end_of_record
SF:lib\helper\classes.dart
DA:9,6
DA:20,1
LF:2
LH:2
end_of_record
SF:lib\helper\file_manager.dart
DA:6,1
DA:7,2
LF:2
LH:2
end_of_record
SF:lib\pages\welcome.dart
DA:24,6
DA:26,6
DA:27,6
DA:34,6
DA:36,12
DA:37,6
DA:40,12
DA:43,6
DA:46,6
DA:48,6
DA:50,6
DA:51,6
DA:52,6
DA:53,6
DA:54,6
DA:55,6
DA:56,18
DA:57,18
DA:59,6
DA:60,18
DA:61,18
DA:63,6
DA:64,18
DA:65,18
DA:67,6
DA:68,18
DA:69,18
DA:72,6
DA:78,6
DA:83,18
DA:89,6
DA:90,12
DA:93,6
DA:94,6
DA:95,6
DA:96,18
DA:99,18
DA:100,24
DA:105,6
DA:106,12
DA:108,6
DA:109,6
DA:110,18
DA:112,18
DA:113,24
DA:118,6
DA:119,6
DA:120,18
DA:121,18
DA:122,6
DA:126,6
DA:130,6
DA:131,6
DA:133,6
DA:135,6
DA:137,6
DA:138,6
DA:139,6
DA:140,6
DA:141,24
DA:145,6
DA:148,6
DA:149,18
DA:155,6
DA:157,6
DA:161,6
DA:162,6
DA:163,6
DA:167,6
DA:168,6
DA:169,6
DA:170,6
DA:171,6
DA:176,6
DA:179,6
DA:180,6
DA:183,18
DA:186,6
DA:188,6
DA:189,6
DA:190,6
DA:191,6
DA:197,6
DA:200,18
DA:215,6
DA:217,6
DA:219,6
DA:221,6
DA:223,8
DA:232,6
DA:234,6
DA:236,1
DA:237,1
DA:239,6
DA:241,6
DA:242,6
DA:243,6
DA:250,6
DA:252,0
DA:253,6
DA:254,18
DA:262,6
DA:264,6
DA:266,6
DA:275,6
DA:278,2
DA:279,2
DA:282,4
DA:285,18
DA:286,18
DA:302,4
DA:303,4
DA:304,2
DA:305,1
DA:308,2
DA:312,8
DA:313,2
DA:314,0
DA:316,0
DA:317,0
DA:318,0
DA:321,0
DA:322,0
DA:323,0
DA:324,0
DA:325,0
DA:327,0
DA:329,0
DA:331,0
DA:332,0
DA:335,0
DA:346,1
DA:348,1
DA:349,1
DA:351,1
DA:352,1
DA:354,1
DA:355,1
DA:356,1
DA:358,1
DA:361,1
DA:363,1
DA:369,1
DA:370,1
DA:372,1
DA:373,1
DA:375,3
DA:377,1
DA:378,1
DA:379,1
DA:381,2
DA:383,1
DA:384,1
DA:385,1
DA:389,3
DA:392,3
DA:394,1
DA:395,1
DA:396,1
DA:398,2
DA:400,2
DA:412,0
DA:444,3
DA:447,3
DA:450,3
DA:451,3
DA:453,3
DA:454,3
DA:455,3
DA:459,3
DA:462,1
DA:463,1
DA:468,3
DA:469,3
DA:471,6
DA:479,3
DA:482,3
DA:484,1
DA:486,2
DA:487,3
DA:489,1
DA:492,1
DA:493,1
DA:496,1
DA:497,1
DA:499,1
DA:508,2
DA:510,4
DA:511,6
DA:515,2
DA:516,2
DA:518,4
DA:520,2
DA:522,1
DA:523,1
DA:524,1
DA:535,2
DA:536,2
DA:537,2
DA:538,4
DA:539,4
DA:540,2
DA:541,2
DA:542,2
DA:545,1
DA:547,1
DA:549,2
DA:551,1
DA:552,1
DA:553,1
DA:555,1
DA:557,1
DA:559,1
DA:564,1
DA:566,1
DA:569,1
DA:570,1
DA:579,1
DA:580,1
DA:583,2
DA:584,2
DA:587,1
DA:589,2
DA:590,3
DA:592,1
DA:593,1
DA:596,1
DA:598,1
DA:599,1
LF:229
LH:213
end_of_record
SF:lib\provider\theme_settings.dart
DA:14,3
DA:40,1
DA:41,1
DA:42,1
DA:43,1
DA:44,1
DA:53,1
DA:54,2
DA:55,1
DA:65,2
DA:70,1
DA:96,1
DA:98,1
DA:99,1
DA:105,1
DA:106,1
DA:108,2
DA:109,1
DA:111,1
DA:113,1
DA:115,1
DA:117,1
DA:143,1
DA:144,1
DA:149,1
DA:150,1
DA:161,1
DA:163,1
DA:166,1
DA:175,1
DA:176,1
DA:178,2
DA:184,2
DA:220,33
DA:242,11
DA:246,11
DA:247,11
DA:248,11
DA:249,11
DA:250,11
DA:259,11
DA:260,22
DA:261,11
DA:271,22
DA:278,11
DA:302,11
DA:304,11
DA:305,11
DA:311,11
DA:312,11
DA:314,22
DA:315,11
DA:317,11
DA:319,11
DA:321,11
DA:323,11
DA:355,11
DA:356,11
DA:381,11
DA:382,11
DA:384,22
DA:390,22
DA:425,0
DA:426,0
DA:429,0
DA:435,12
DA:437,1
DA:439,1
DA:440,1
DA:443,1
DA:445,1
DA:449,6
DA:451,6
DA:452,30
LF:74
LH:71
end_of_record
SF:lib\provider\settings.dart
DA:37,5
DA:41,4
DA:45,31
DA:47,10
DA:50,20
DA:57,6
DA:58,6
DA:59,18
DA:61,6
DA:64,6
DA:65,6
DA:69,3
DA:70,3
DA:72,0
DA:75,3
DA:77,9
DA:80,6
DA:84,6
DA:85,6
DA:86,3
DA:87,9
DA:88,24
DA:94,6
DA:95,0
DA:96,0
DA:97,0
DA:99,0
DA:111,6
DA:113,6
DA:115,6
DA:118,12
DA:120,6
DA:121,6
DA:122,6
DA:123,6
DA:124,6
DA:125,6
DA:126,6
DA:127,6
DA:128,6
DA:129,6
DA:130,6
DA:132,6
DA:146,5
DA:147,5
DA:148,15
DA:150,5
DA:153,2
DA:156,5
DA:157,10
DA:158,5
DA:161,10
DA:162,10
DA:163,30
DA:167,5
DA:168,5
DA:171,3
DA:172,3
DA:174,3
DA:177,3
DA:179,3
DA:181,3
DA:185,9
DA:186,4
DA:187,3
DA:188,6
DA:189,4
DA:190,6
DA:192,3
DA:193,3
DA:194,6
DA:195,6
DA:196,3
DA:201,1
DA:202,15
DA:203,33
DA:204,22
DA:205,1
DA:206,2
DA:207,0
DA:208,0
DA:210,3
DA:211,12
DA:212,4
DA:213,1
DA:214,2
DA:216,3
LF:87
LH:80
end_of_record
SF:lib\pages\calendar.dart
DA:6,1
DA:7,2
DA:9,9
DA:11,1
DA:12,1
DA:17,1
DA:19,1
DA:27,1
DA:29,1
DA:30,2
DA:31,2
DA:32,2
DA:33,2
DA:34,2
LF:14
LH:14
end_of_record
SF:lib\uiwidgets\navbar.dart
DA:16,12
DA:18,6
DA:20,6
DA:21,30
DA:23,6
DA:24,2
DA:25,4
DA:26,6
DA:27,2
DA:28,6
DA:29,2
DA:30,12
DA:47,6
DA:54,6
DA:55,6
DA:56,18
DA:57,12
DA:58,6
DA:66,18
DA:67,6
DA:70,0
DA:72,6
DA:75,4
DA:77,6
DA:80,2
DA:82,6
DA:85,2
DA:87,6
DA:90,2
LF:29
LH:28
end_of_record
SF:lib\pages\dashboard.dart
DA:5,3
DA:6,6
DA:9,9
DA:11,3
DA:12,3
DA:17,3
DA:19,3
DA:27,3
DA:29,3
DA:30,6
DA:31,6
DA:32,6
DA:33,6
DA:34,6
LF:14
LH:14
end_of_record
SF:lib\pages\entries.dart
DA:7,2
DA:8,4
DA:11,12
DA:13,5
DA:14,5
DA:17,15
DA:30,15
DA:33,15
DA:37,5
DA:42,5
DA:46,10
DA:48,5
DA:49,5
DA:50,5
DA:51,5
DA:55,5
DA:56,5
DA:59,5
DA:60,5
DA:61,5
DA:65,5
DA:67,5
DA:68,5
DA:71,20
DA:73,5
DA:74,5
DA:76,3
DA:84,5
DA:85,5
DA:86,10
DA:87,4
DA:89,8
DA:90,4
DA:94,4
DA:97,10
DA:99,4
DA:100,4
DA:101,8
DA:102,8
DA:104,4
DA:105,12
DA:106,4
DA:107,12
DA:108,4
DA:111,36
DA:112,1
DA:114,4
DA:117,2
DA:119,4
DA:122,4
DA:129,12
DA:136,1
DA:138,2
DA:139,2
DA:143,2
DA:144,4
DA:146,1
DA:147,1
DA:149,1
DA:150,1
DA:153,1
DA:154,1
DA:155,3
DA:157,1
DA:158,3
DA:166,4
DA:172,5
DA:174,5
DA:176,5
DA:177,2
DA:178,2
DA:180,5
DA:191,5
DA:193,5
DA:194,10
DA:195,10
DA:196,10
DA:197,10
DA:198,10
DA:203,2
DA:204,6
DA:205,4
DA:206,4
DA:214,5
DA:216,13
DA:217,5
DA:219,14
DA:221,8
DA:223,1
DA:224,1
DA:225,1
DA:228,2
DA:231,2
DA:240,4
DA:241,4
DA:242,4
DA:243,4
DA:244,3
DA:245,3
DA:246,3
DA:247,3
DA:248,3
DA:249,3
DA:250,3
DA:251,3
DA:252,3
DA:253,1
DA:259,2
DA:262,2
DA:263,6
DA:264,18
DA:266,7
DA:268,4
DA:275,4
DA:276,16
DA:277,16
DA:280,16
LF:117
LH:117
end_of_record
SF:lib\pages\entry.dart
DA:24,5
DA:26,5
DA:27,5
DA:28,5
DA:29,8
DA:30,8
DA:32,15
DA:33,17
DA:35,5
DA:36,5
DA:37,5
DA:38,5
DA:39,5
DA:40,5
DA:43,7
DA:45,8
DA:46,2
DA:47,10
DA:48,6
DA:49,10
DA:50,4
DA:51,4
DA:54,0
DA:55,0
DA:56,0
DA:57,0
DA:58,0
DA:59,0
DA:64,0
DA:80,2
DA:81,6
DA:84,2
DA:86,2
DA:87,2
DA:91,2
DA:93,2
DA:94,2
DA:95,2
DA:96,2
DA:97,2
DA:99,2
DA:101,2
DA:103,2
DA:104,8
DA:110,2
DA:112,4
DA:113,6
DA:114,3
DA:115,1
DA:117,1
DA:119,1
DA:124,2
DA:126,2
DA:128,2
DA:129,6
DA:130,4
DA:131,1
DA:133,1
DA:135,1
DA:141,2
DA:143,2
DA:145,2
DA:146,8
LF:63
LH:56
end_of_record
SF:lib\uiwidgets\cards.dart
DA:18,5
DA:27,5
DA:28,5
DA:32,5
DA:34,5
DA:38,15
DA:41,5
DA:42,2
DA:43,4
DA:44,4
DA:45,6
DA:48,5
DA:49,5
DA:50,5
DA:51,15
DA:55,5
DA:57,5
DA:58,5
DA:59,5
DA:60,5
DA:61,15
DA:62,4
DA:63,6
DA:64,5
DA:67,0
DA:68,0
DA:70,15
DA:71,4
DA:72,6
DA:73,5
DA:76,0
DA:77,0
DA:80,10
DA:81,10
DA:84,5
DA:88,5
DA:90,5
DA:92,5
DA:95,5
DA:97,5
DA:98,20
DA:99,5
DA:101,5
DA:102,10
DA:106,15
DA:115,5
DA:116,20
DA:118,5
DA:120,5
DA:121,10
DA:134,5
DA:136,5
DA:137,65
DA:153,5
DA:154,5
DA:155,30
LF:56
LH:52
end_of_record
SF:lib\pages\new_entry.dart
DA:10,2
DA:11,4
DA:14,9
DA:16,2
DA:17,2
DA:23,1
DA:25,3
DA:36,2
DA:39,4
DA:40,4
DA:41,2
DA:44,2
DA:46,2
DA:47,2
DA:53,2
DA:54,2
DA:55,6
DA:56,2
DA:57,2
DA:59,2
DA:61,2
DA:62,2
DA:73,2
DA:75,2
DA:76,2
DA:88,2
DA:91,2
DA:92,2
DA:95,2
DA:97,2
DA:98,4
DA:99,2
DA:100,1
DA:101,1
DA:102,2
DA:103,3
DA:104,3
DA:108,2
DA:114,2
DA:117,2
DA:118,2
DA:121,2
DA:123,2
DA:124,4
DA:125,2
DA:126,1
DA:127,1
DA:128,1
DA:131,2
DA:136,2
DA:137,2
DA:138,2
DA:139,2
DA:143,2
DA:145,6
DA:147,2
DA:148,8
DA:149,8
DA:152,2
DA:155,2
DA:157,2
DA:160,1
DA:166,2
DA:169,1
DA:170,1
DA:172,1
DA:173,1
DA:174,1
DA:175,1
DA:177,1
DA:179,3
DA:180,1
DA:181,2
DA:182,2
DA:184,1
DA:185,1
DA:186,2
DA:187,2
DA:188,4
DA:193,1
DA:195,1
DA:196,1
DA:199,1
DA:200,2
DA:210,2
DA:213,1
DA:214,1
DA:216,1
DA:217,1
DA:218,1
DA:219,1
DA:221,1
DA:223,3
DA:224,1
DA:225,2
DA:226,2
DA:228,1
DA:229,1
DA:230,2
DA:231,2
DA:232,4
DA:237,1
DA:239,1
DA:240,1
DA:243,1
DA:244,2
DA:255,2
DA:258,2
DA:259,4
DA:267,1
DA:269,1
DA:271,1
DA:272,1
DA:273,1
DA:277,2
DA:300,1
DA:301,1
DA:302,1
DA:303,1
DA:304,2
DA:306,1
DA:307,2
DA:309,1
DA:310,2
DA:311,1
DA:317,1
DA:319,1
DA:321,1
DA:322,2
DA:327,1
DA:329,1
DA:330,1
DA:331,2
DA:340,2
DA:341,2
DA:342,4
DA:343,4
DA:344,2
DA:345,2
DA:346,2
LF:140
LH:140
end_of_record
SF:lib\pages\plans.dart
DA:5,1
DA:6,2
DA:8,9
DA:10,1
DA:11,1
DA:15,1
DA:17,1
DA:25,1
DA:27,1
DA:28,2
DA:29,2
DA:30,2
DA:31,2
DA:32,2
LF:14
LH:14
end_of_record
SF:lib\pages\settings.dart
DA:14,1
DA:15,2
DA:18,15
DA:20,3
DA:21,3
DA:27,3
DA:29,3
DA:30,3
DA:31,9
DA:34,3
DA:37,3
DA:41,3
DA:42,3
DA:44,3
DA:46,3
DA:49,3
DA:51,3
DA:52,15
DA:53,12
DA:54,12
DA:55,15
DA:56,3
DA:60,3
DA:62,3
DA:64,6
DA:70,3
DA:71,3
DA:76,9
DA:78,3
DA:82,3
DA:85,3
DA:87,1
DA:91,3
DA:93,3
DA:94,1
DA:98,3
DA:100,3
DA:101,2
DA:102,2
DA:105,2
DA:106,2
DA:111,3
DA:113,3
DA:114,1
DA:118,3
DA:120,3
DA:122,1
DA:123,3
DA:134,3
DA:136,3
DA:137,0
LF:51
LH:50
end_of_record
SF:lib\pages\settings_tag.dart
DA:11,0
DA:12,0
DA:15,18
DA:17,2
DA:18,2
DA:27,1
DA:28,2
DA:30,1
DA:31,2
DA:32,2
DA:36,1
DA:40,1
DA:41,2
DA:42,2
DA:43,1
DA:44,1
DA:45,2
DA:51,5
DA:52,1
DA:54,1
DA:55,1
DA:57,1
DA:59,1
DA:61,1
DA:63,1
DA:67,0
DA:71,1
DA:73,1
DA:78,1
DA:79,0
DA:85,1
DA:86,1
DA:89,1
DA:90,1
DA:91,2
DA:93,1
DA:95,1
DA:96,2
DA:99,3
DA:101,1
DA:104,1
DA:107,0
DA:115,2
DA:119,2
DA:120,2
DA:122,6
DA:124,2
DA:125,8
DA:126,3
DA:131,4
DA:132,0
DA:133,0
DA:134,0
DA:135,0
DA:136,0
DA:138,0
DA:140,0
DA:147,2
DA:153,2
DA:155,2
DA:157,2
DA:158,2
DA:161,2
DA:163,1
DA:167,3
DA:170,2
DA:172,2
DA:174,2
DA:175,2
DA:177,2
DA:179,1
DA:182,1
DA:184,1
DA:186,2
DA:190,2
DA:191,1
DA:193,1
DA:194,2
DA:196,4
DA:197,4
DA:199,4
DA:200,3
DA:204,2
DA:208,1
DA:210,1
DA:211,1
DA:212,1
DA:217,2
DA:218,2
DA:220,6
DA:222,1
DA:224,1
DA:226,1
DA:229,4
DA:235,2
DA:239,4
DA:240,6
DA:242,4
DA:245,4
DA:246,0
DA:249,0
DA:255,2
DA:260,2
DA:274,2
DA:276,2
DA:278,1
LF:106
LH:92
end_of_record
SF:lib\provider\encryptor.dart
DA:30,3
DA:31,3
DA:35,1
DA:38,2
DA:39,1
DA:40,1
DA:41,1
DA:45,0
DA:60,1
DA:63,1
DA:64,1
DA:66,2
DA:68,4
DA:70,1
DA:71,2
DA:72,2
DA:73,1
DA:76,2
DA:77,1
DA:87,1
DA:88,1
DA:90,3
DA:93,1
DA:94,1
DA:96,2
DA:98,4
DA:100,1
DA:101,2
DA:102,2
DA:103,1
DA:106,2
DA:108,1
DA:119,1
DA:120,1
DA:122,3
DA:129,1
DA:130,1
DA:132,2
DA:133,1
DA:134,1
DA:138,1
DA:139,1
DA:141,2
DA:142,1
DA:143,1
DA:149,1
DA:150,1
DA:152,1
DA:154,2
DA:156,4
DA:158,1
DA:159,2
DA:160,2
DA:161,1
DA:164,2
DA:167,3
DA:180,1
DA:182,1
DA:183,3
DA:184,1
DA:190,2
DA:191,1
DA:193,1
DA:194,4
DA:198,1
DA:199,1
DA:200,1
DA:201,3
DA:206,1
DA:207,1
DA:208,3
DA:210,1
DA:211,1
DA:212,1
DA:217,2
DA:218,1
DA:219,1
DA:220,4
DA:223,1
DA:224,1
DA:225,1
DA:226,3
DA:229,5
DA:230,10
DA:231,5
DA:233,5
DA:234,10
DA:235,5
DA:236,10
DA:239,3
DA:240,3
DA:241,9
DA:243,3
DA:244,3
DA:246,3
DA:247,3
DA:250,0
DA:251,0
DA:255,3
DA:257,3
DA:258,3
DA:259,3
DA:261,3
DA:264,3
DA:271,1
DA:272,2
DA:273,1
DA:274,1
DA:275,2
DA:278,1
DA:279,2
DA:284,0
DA:285,0
DA:286,0
DA:287,0
DA:289,0
DA:290,0
DA:291,0
DA:292,0
DA:293,0
DA:298,5
DA:300,15
DA:301,15
DA:302,5
DA:303,25
DA:304,20
DA:306,5
DA:308,3
DA:309,3
DA:310,9
DA:311,9
DA:312,3
LF:132
LH:120
end_of_record
SF:lib\uiwidgets\buttons.dart
DA:10,6
DA:16,6
DA:18,18
DA:19,18
DA:20,6
DA:23,6
DA:24,6
DA:25,6
DA:26,6
DA:29,6
DA:30,24
DA:34,6
LF:12
LH:12
end_of_record
SF:lib\uiwidgets\decorations.dart
DA:5,21
DA:31,7
DA:33,7
DA:34,42
DA:37,7
DA:38,7
DA:46,7
DA:48,7
DA:49,14
DA:52,7
DA:54,7
DA:56,7
DA:57,7
DA:58,7
DA:59,7
DA:60,7
DA:62,21
DA:66,21
DA:69,7
DA:70,1
DA:71,2
DA:73,1
DA:74,1
DA:83,28
DA:85,7
DA:88,7
DA:90,7
DA:93,7
DA:94,21
DA:97,7
DA:99,7
DA:106,28
DA:113,7
DA:114,7
DA:115,7
DA:116,21
DA:122,1
DA:124,2
DA:125,1
DA:126,2
DA:127,2
LF:41
LH:41
end_of_record
SF:lib\uiwidgets\fields.dart
DA:13,4
DA:19,4
DA:20,4
DA:34,4
DA:36,8
DA:37,8
DA:38,4
DA:41,4
DA:43,4
DA:44,4
DA:45,4
DA:46,0
DA:49,4
DA:50,4
DA:54,4
DA:55,4
DA:63,4
DA:65,4
DA:69,10
DA:71,8
DA:74,8
LF:21
LH:20
end_of_record
