SF:lib/provider/settings.dart
DA:41,1
DA:43,0
DA:46,0
DA:54,1
DA:55,1
DA:56,3
DA:58,1
DA:61,0
DA:62,0
DA:66,1
DA:67,1
DA:69,1
DA:70,1
DA:71,1
DA:81,1
DA:82,1
DA:83,3
DA:86,1
DA:89,0
DA:91,1
DA:92,1
DA:93,3
DA:97,1
DA:98,1
DA:100,1
DA:103,1
DA:107,1
DA:108,1
DA:109,1
DA:112,1
DA:116,1
DA:120,3
DA:121,0
DA:122,0
DA:123,0
DA:124,1
DA:125,2
DA:126,0
DA:127,0
DA:128,0
DA:129,0
DA:130,3
DA:132,1
DA:133,2
DA:134,1
DA:135,1
DA:139,1
DA:140,3
DA:141,3
DA:142,2
DA:143,0
DA:144,0
DA:145,0
DA:146,0
DA:148,0
DA:149,3
DA:150,0
DA:151,1
DA:152,2
DA:154,0
DA:159,0
DA:163,0
DA:195,0
DA:196,0
DA:200,0
DA:201,0
DA:202,0
DA:203,0
DA:204,0
DA:205,0
DA:209,0
DA:216,0
DA:217,0
DA:219,0
DA:222,0
DA:228,0
DA:230,0
DA:231,0
DA:238,0
DA:239,0
DA:248,0
DA:250,0
DA:251,0
DA:252,0
DA:253,0
DA:254,0
DA:257,0
DA:258,0
DA:259,0
DA:261,0
DA:262,0
DA:263,0
DA:265,0
DA:267,0
DA:269,0
DA:270,0
DA:273,0
DA:278,0
DA:280,0
DA:281,0
DA:283,0
DA:284,0
DA:286,0
DA:289,0
DA:291,0
DA:297,0
DA:299,0
DA:302,0
DA:303,0
DA:311,0
DA:313,0
DA:317,0
DA:318,0
DA:319,0
DA:320,0
DA:321,0
DA:322,0
DA:327,0
DA:329,0
DA:331,0
DA:349,0
DA:352,0
DA:354,0
DA:358,0
DA:359,0
DA:361,0
DA:364,0
DA:365,0
DA:368,0
DA:369,0
DA:371,0
DA:372,0
DA:381,0
DA:385,0
DA:386,0
DA:390,0
DA:391,0
DA:393,0
DA:395,0
DA:397,0
DA:398,0
DA:399,0
DA:409,0
DA:412,0
DA:413,0
DA:416,0
DA:417,0
DA:421,0
DA:424,0
DA:425,0
DA:429,0
DA:430,0
DA:432,0
DA:449,0
DA:450,0
DA:451,0
DA:452,0
DA:455,0
DA:458,0
DA:466,1
DA:468,1
DA:469,1
DA:470,1
DA:472,2
DA:473,3
DA:475,1
DA:478,1
DA:480,1
DA:486,1
DA:487,1
DA:489,1
DA:490,1
DA:494,2
DA:496,3
DA:497,1
DA:498,1
DA:500,1
DA:501,1
DA:507,1
DA:508,1
DA:509,1
DA:514,1
DA:517,1
DA:518,1
DA:519,1
DA:524,1
DA:531,1
DA:533,1
DA:534,1
DA:539,1
DA:548,1
DA:549,1
DA:567,0
DA:568,0
LF:194
LH:74
BRDA:41,0,0,1
BRDA:54,0,0,1
BRDA:81,0,0,1
BRDA:97,0,0,1
BRDA:116,0,0,1
BRDA:120,0,0,1
BRDA:121,0,0,0
BRDA:122,0,0,0
BRDA:124,0,0,1
BRDA:126,0,0,0
BRDA:128,0,0,0
BRDA:130,0,0,1
BRDA:132,0,0,1
BRDA:139,0,0,1
BRDA:140,0,0,1
BRDA:141,0,0,1
BRDA:148,0,0,0
BRDA:149,0,0,1
BRDA:150,0,0,0
BRDA:151,0,0,1
BRDA:159,0,0,0
BRDA:163,0,0,0
BRDA:195,0,0,0
BRDA:200,0,0,0
BRDA:205,0,0,0
BRDA:230,0,0,0
BRDA:248,0,0,0
BRDA:250,0,0,0
BRDA:257,0,0,0
BRDA:265,0,0,0
BRDA:269,0,0,0
BRDA:278,0,0,0
BRDA:283,0,0,0
BRDA:289,0,0,0
BRDA:302,0,0,0
BRDA:311,0,0,0
BRDA:317,0,0,0
BRDA:322,0,0,0
BRDA:331,0,0,0
BRDA:349,0,0,0
BRDA:358,0,0,0
BRDA:364,0,0,0
BRDA:371,0,0,0
BRDA:385,0,0,0
BRDA:393,0,0,0
BRDA:397,0,0,0
BRDA:409,0,0,0
BRDA:416,0,0,0
BRDA:424,0,0,0
BRDA:432,0,0,0
BRDA:449,0,0,0
BRDA:466,0,0,1
BRDA:472,0,0,1
BRDA:478,0,0,1
BRDA:489,0,0,1
BRDA:494,0,0,1
BRDA:501,0,0,1
BRDA:517,0,0,1
BRDA:533,0,0,1
BRDA:567,0,0,0
end_of_record
SF:lib/main.dart
DA:12,1
DA:14,1
DA:15,1
DA:22,1
DA:24,1
DA:25,1
DA:31,1
DA:33,1
DA:34,2
DA:35,0
DA:36,0
DA:37,0
DA:38,0
DA:39,0
DA:40,0
DA:41,0
DA:44,1
DA:48,1
DA:50,2
DA:51,1
DA:54,1
DA:56,1
DA:57,1
DA:58,1
DA:59,2
DA:60,1
DA:61,2
DA:62,1
DA:63,1
DA:64,1
DA:66,1
DA:67,1
DA:68,0
DA:69,0
DA:70,0
DA:71,0
DA:72,0
DA:73,1
DA:74,0
DA:75,0
DA:90,0
DA:92,0
DA:94,0
DA:96,0
DA:98,0
DA:100,0
DA:101,0
DA:103,0
DA:105,0
DA:110,0
DA:114,1
DA:115,1
DA:118,1
DA:121,0
DA:122,0
LF:55
LH:29
BRDA:12,0,0,1
BRDA:22,0,0,0
BRDA:24,0,0,1
BRDA:31,0,0,1
BRDA:35,0,0,0
BRDA:36,0,0,0
BRDA:37,0,0,0
BRDA:38,0,0,0
BRDA:39,0,0,0
BRDA:40,0,0,0
BRDA:41,0,0,0
BRDA:48,0,0,1
BRDA:54,0,0,1
BRDA:58,0,0,1
BRDA:61,0,0,1
BRDA:62,0,0,1
BRDA:68,0,0,0
BRDA:69,0,0,0
BRDA:70,0,0,0
BRDA:71,0,0,0
BRDA:72,0,0,0
BRDA:73,0,0,1
BRDA:74,0,0,0
BRDA:75,0,0,0
BRDA:90,0,0,0
BRDA:110,0,0,0
BRDA:114,0,0,1
BRDA:121,0,0,0
end_of_record
SF:lib/helper/dates_and_times.dart
DA:5,0
DA:7,0
DA:8,0
DA:9,0
DA:10,0
DA:11,0
DA:12,0
DA:13,0
DA:14,0
DA:15,0
DA:16,0
DA:17,0
DA:18,0
DA:19,0
DA:22,0
DA:23,0
DA:24,0
DA:25,0
DA:26,0
DA:27,0
DA:28,0
DA:29,0
DA:32,0
DA:33,0
DA:34,0
DA:35,0
DA:36,0
DA:37,0
DA:44,0
DA:47,0
DA:48,0
DA:49,0
DA:51,0
DA:53,0
DA:60,0
DA:61,0
DA:62,0
DA:65,0
DA:69,0
DA:72,0
DA:73,0
DA:74,0
DA:75,0
DA:76,0
DA:77,0
DA:79,0
DA:80,0
DA:82,0
DA:83,0
LF:49
LH:0
BRDA:5,0,0,0
BRDA:44,0,0,0
BRDA:60,0,0,0
BRDA:69,0,0,0
end_of_record
SF:lib/pages/calendar.dart
DA:8,1
DA:10,0
DA:11,0
DA:15,0
DA:17,0
DA:31,0
LF:6
LH:1
BRDA:8,0,0,0
BRDA:10,0,0,0
BRDA:15,0,0,0
end_of_record
SF:lib/pages/dashboard.dart
DA:8,1
DA:10,0
DA:11,0
DA:16,0
DA:18,0
DA:26,0
LF:6
LH:1
BRDA:8,0,0,0
BRDA:10,0,0,0
BRDA:16,0,0,0
end_of_record
SF:lib/pages/entries.dart
DA:15,0
DA:17,0
DA:18,0
DA:19,0
DA:22,0
DA:57,1
DA:61,0
DA:62,0
DA:65,0
DA:66,0
DA:72,0
DA:76,0
DA:77,0
DA:78,0
DA:79,0
DA:80,0
DA:82,0
DA:83,0
DA:84,0
DA:85,0
DA:87,0
DA:88,0
DA:89,0
DA:90,0
DA:91,0
DA:92,0
DA:96,0
DA:98,0
DA:99,0
DA:101,0
DA:106,0
DA:107,0
DA:108,0
DA:109,0
DA:110,0
DA:114,0
DA:116,0
DA:118,0
DA:120,0
DA:121,0
DA:122,0
DA:124,0
DA:126,0
DA:127,0
DA:128,0
DA:130,0
DA:137,0
DA:138,0
DA:139,0
DA:140,0
DA:142,0
DA:143,0
DA:147,0
DA:152,0
DA:153,0
DA:155,0
DA:158,0
DA:159,0
DA:160,0
DA:162,0
DA:164,0
DA:165,0
DA:168,0
DA:170,0
DA:173,0
DA:174,0
DA:176,0
DA:179,0
DA:181,0
DA:183,0
DA:190,0
DA:197,0
DA:199,0
DA:200,0
DA:204,0
DA:205,0
DA:206,0
DA:207,0
DA:210,0
DA:211,0
DA:213,0
DA:214,0
DA:218,0
DA:219,0
DA:220,0
DA:221,0
DA:223,0
DA:224,0
DA:225,0
DA:233,0
DA:242,0
DA:245,0
DA:247,0
DA:248,0
DA:249,0
DA:263,2
DA:268,0
DA:269,0
DA:283,0
DA:285,0
DA:286,0
DA:287,0
DA:288,0
DA:289,0
DA:290,0
DA:292,0
DA:293,0
DA:298,0
DA:301,0
DA:302,0
DA:303,0
DA:306,0
DA:307,0
DA:308,0
DA:309,0
DA:311,0
DA:312,0
DA:313,0
DA:314,0
DA:317,0
DA:321,0
DA:324,0
DA:325,0
DA:326,0
DA:327,0
DA:329,0
DA:330,0
DA:331,0
DA:332,0
DA:335,0
DA:339,0
DA:342,0
DA:344,0
DA:345,0
DA:346,0
DA:351,0
DA:352,0
DA:353,0
DA:354,0
DA:355,0
DA:357,0
DA:359,0
DA:360,0
DA:369,0
DA:371,0
DA:372,0
DA:384,0
DA:387,0
DA:388,0
DA:391,0
DA:393,0
DA:394,0
DA:395,0
DA:396,0
DA:397,0
DA:398,0
DA:399,0
DA:400,0
DA:403,0
DA:409,0
DA:412,0
DA:413,0
DA:416,0
DA:418,0
DA:419,0
DA:420,0
DA:421,0
DA:422,0
DA:423,0
DA:426,0
DA:431,0
DA:432,0
DA:433,0
DA:434,0
DA:438,0
DA:440,0
DA:442,0
DA:443,0
DA:444,0
DA:447,0
DA:450,0
DA:452,0
DA:455,0
DA:461,0
DA:464,0
DA:465,0
DA:467,0
DA:468,0
DA:469,0
DA:470,0
DA:472,0
DA:474,0
DA:476,0
DA:477,0
DA:480,0
DA:481,0
DA:491,0
DA:494,0
DA:495,0
DA:497,0
DA:498,0
DA:499,0
DA:500,0
DA:502,0
DA:504,0
DA:506,0
DA:507,0
DA:510,0
DA:511,0
DA:522,0
DA:525,0
DA:526,0
DA:534,0
DA:536,0
DA:538,0
DA:539,0
DA:540,0
DA:544,0
DA:567,0
DA:568,0
DA:569,0
DA:570,0
DA:571,0
DA:573,0
DA:574,0
DA:576,0
DA:577,0
DA:578,0
DA:584,0
DA:586,0
DA:588,0
DA:589,0
DA:594,0
DA:596,0
DA:597,0
DA:598,0
DA:607,0
DA:609,0
DA:611,0
DA:612,0
DA:613,0
DA:614,0
DA:615,0
DA:616,0
DA:623,0
DA:624,0
DA:625,0
DA:626,0
DA:627,0
DA:629,0
LF:250
LH:2
BRDA:15,0,0,0
BRDA:22,0,0,0
BRDA:57,0,0,0
BRDA:61,0,0,0
BRDA:62,0,0,0
BRDA:65,0,0,0
BRDA:72,0,0,0
BRDA:90,0,0,0
BRDA:120,0,0,0
BRDA:124,0,0,0
BRDA:140,0,0,0
BRDA:160,0,0,0
BRDA:197,0,0,0
BRDA:199,0,0,0
BRDA:210,0,0,0
BRDA:213,0,0,0
BRDA:220,0,0,0
BRDA:224,0,0,0
BRDA:245,0,0,0
BRDA:247,0,0,0
BRDA:263,0,0,0
BRDA:268,0,0,0
BRDA:283,0,0,0
BRDA:298,0,0,0
BRDA:306,0,0,0
BRDA:307,0,0,0
BRDA:309,0,0,0
BRDA:312,0,0,0
BRDA:313,0,0,0
BRDA:314,0,0,0
BRDA:317,0,0,0
BRDA:324,0,0,0
BRDA:325,0,0,0
BRDA:327,0,0,0
BRDA:330,0,0,0
BRDA:331,0,0,0
BRDA:332,0,0,0
BRDA:335,0,0,0
BRDA:342,0,0,0
BRDA:394,0,0,0
BRDA:397,0,0,0
BRDA:398,0,0,0
BRDA:399,0,0,0
BRDA:419,0,0,0
BRDA:422,0,0,0
BRDA:455,0,0,0
BRDA:464,0,0,0
BRDA:467,0,0,0
BRDA:469,0,0,0
BRDA:480,0,0,0
BRDA:494,0,0,0
BRDA:497,0,0,0
BRDA:499,0,0,0
BRDA:510,0,0,0
BRDA:525,0,0,0
BRDA:534,0,0,0
BRDA:538,0,0,0
BRDA:571,0,0,0
BRDA:574,0,0,0
BRDA:588,0,0,0
BRDA:596,0,0,0
BRDA:607,0,0,0
end_of_record
SF:lib/pages/plans.dart
DA:5,0
DA:6,0
DA:8,2
DA:10,0
DA:11,0
DA:15,0
DA:17,0
DA:25,0
LF:8
LH:1
BRDA:5,0,0,0
BRDA:6,0,0,0
BRDA:8,0,0,0
BRDA:10,0,0,0
BRDA:15,0,0,0
end_of_record
SF:lib/pages/settings.dart
DA:11,2
DA:13,0
DA:14,0
DA:19,0
DA:21,0
DA:22,0
DA:23,0
DA:24,0
DA:25,0
DA:27,0
DA:30,0
DA:36,0
DA:38,0
DA:39,0
DA:43,0
DA:45,0
DA:46,0
DA:47,0
DA:48,0
DA:49,0
DA:54,0
DA:55,0
DA:57,0
DA:59,0
DA:60,0
DA:61,0
DA:64,0
DA:66,0
DA:68,0
DA:69,0
DA:72,0
DA:74,0
DA:75,0
DA:76,0
DA:80,0
DA:85,0
DA:87,0
DA:91,0
DA:94,0
DA:96,0
DA:101,0
DA:102,0
DA:103,0
DA:105,0
DA:106,0
DA:108,0
DA:110,0
DA:112,0
DA:114,0
DA:119,0
DA:120,0
DA:121,0
DA:124,0
DA:125,0
DA:127,0
DA:129,0
DA:130,0
DA:132,0
DA:133,0
DA:134,0
DA:136,0
DA:141,0
DA:143,0
DA:145,0
DA:146,0
DA:148,0
DA:150,0
DA:152,0
DA:153,0
DA:161,0
DA:163,0
DA:164,0
DA:165,0
DA:167,0
DA:168,0
DA:170,0
DA:171,0
DA:172,0
DA:173,0
DA:174,0
DA:175,0
DA:176,0
DA:177,0
DA:178,0
DA:180,0
DA:183,0
DA:190,0
DA:194,0
DA:195,0
DA:196,0
DA:197,0
DA:198,0
DA:200,0
DA:201,0
DA:202,0
DA:204,0
DA:206,0
DA:210,0
DA:212,0
DA:213,0
DA:215,0
DA:217,0
DA:219,0
DA:223,0
DA:224,0
DA:244,2
DA:246,0
DA:247,0
DA:257,0
DA:258,0
DA:259,0
DA:260,0
DA:261,0
DA:262,0
DA:267,0
DA:269,0
DA:271,0
DA:272,0
DA:274,0
DA:276,0
DA:278,0
DA:280,0
DA:284,0
DA:288,0
DA:290,0
DA:295,0
DA:296,0
DA:302,0
DA:303,0
DA:306,0
DA:307,0
DA:308,0
DA:310,0
DA:313,0
DA:314,0
DA:315,0
DA:316,0
DA:319,0
DA:322,0
DA:328,0
DA:331,0
DA:332,0
DA:336,0
DA:337,0
DA:338,0
DA:341,0
DA:346,0
DA:348,0
DA:349,0
DA:351,0
DA:352,0
DA:354,0
DA:355,0
DA:356,0
DA:357,0
DA:358,0
DA:359,0
DA:361,0
DA:367,0
DA:369,0
DA:370,0
DA:372,0
DA:373,0
DA:374,0
DA:378,0
DA:379,0
DA:380,0
DA:381,0
DA:382,0
DA:394,0
DA:400,0
DA:402,0
DA:404,0
DA:405,0
DA:406,0
DA:408,0
DA:409,0
DA:410,0
DA:414,0
DA:416,0
DA:417,0
DA:418,0
DA:419,0
DA:420,0
DA:423,0
DA:426,0
DA:428,0
DA:432,0
DA:435,0
DA:437,0
DA:439,0
DA:440,0
DA:442,0
DA:444,0
DA:447,0
DA:450,0
DA:451,0
DA:454,0
DA:455,0
DA:457,0
DA:460,0
DA:462,0
DA:463,0
DA:464,0
DA:469,0
DA:470,0
LF:206
LH:2
BRDA:11,0,0,0
BRDA:13,0,0,0
BRDA:19,0,0,0
BRDA:85,0,0,0
BRDA:94,0,0,0
BRDA:102,0,0,0
BRDA:120,0,0,0
BRDA:125,0,0,0
BRDA:163,0,0,0
BRDA:223,0,0,0
BRDA:224,0,0,0
BRDA:244,0,0,0
BRDA:246,0,0,0
BRDA:257,0,0,0
BRDA:260,0,0,0
BRDA:261,0,0,0
BRDA:262,0,0,0
BRDA:267,0,0,0
BRDA:271,0,0,0
BRDA:284,0,0,0
BRDA:296,0,0,0
BRDA:306,0,0,0
BRDA:316,0,0,0
BRDA:322,0,0,0
BRDA:328,0,0,0
BRDA:331,0,0,0
BRDA:341,0,0,0
BRDA:380,0,0,0
BRDA:400,0,0,0
BRDA:428,0,0,0
BRDA:444,0,0,0
BRDA:451,0,0,0
BRDA:454,0,0,0
BRDA:455,0,0,0
BRDA:457,0,0,0
BRDA:460,0,0,0
end_of_record
SF:lib/pages/welcome.dart
DA:18,1
DA:20,1
DA:21,1
DA:28,1
DA:30,2
DA:31,1
DA:34,2
DA:37,1
DA:40,1
DA:42,1
DA:44,1
DA:45,1
DA:46,1
DA:47,1
DA:48,1
DA:49,1
DA:50,3
DA:51,3
DA:53,1
DA:54,3
DA:55,3
DA:57,1
DA:58,3
DA:59,3
DA:61,1
DA:62,3
DA:63,3
DA:66,1
DA:72,1
DA:77,3
DA:85,1
DA:88,1
DA:89,1
DA:90,3
DA:91,3
DA:92,1
DA:96,1
DA:100,1
DA:101,1
DA:103,1
DA:105,1
DA:107,1
DA:108,1
DA:109,1
DA:110,1
DA:111,4
DA:115,1
DA:118,1
DA:119,3
DA:125,1
DA:127,1
DA:131,1
DA:132,1
DA:133,1
DA:137,1
DA:138,1
DA:139,1
DA:140,1
DA:141,1
DA:146,1
DA:149,1
DA:150,1
DA:153,3
DA:156,1
DA:158,1
DA:159,1
DA:160,1
DA:161,1
DA:167,1
DA:170,3
DA:185,1
DA:187,1
DA:189,1
DA:191,1
DA:193,0
DA:202,1
DA:203,2
DA:204,1
DA:206,1
DA:208,1
DA:209,1
DA:211,1
DA:212,3
DA:222,1
DA:224,1
DA:226,1
DA:235,1
DA:238,0
DA:239,0
DA:242,0
DA:245,3
DA:246,3
LF:92
LH:88
BRDA:18,0,0,0
BRDA:20,0,0,1
BRDA:28,0,0,1
BRDA:34,0,0,1
BRDA:40,0,0,1
BRDA:109,0,0,1
BRDA:193,0,0,0
BRDA:208,0,0,1
BRDA:238,0,0,0
BRDA:242,0,0,0
end_of_record
SF:lib/provider/theme_settings.dart
DA:14,0
DA:40,0
DA:41,0
DA:42,0
DA:43,0
DA:44,0
DA:53,0
DA:54,0
DA:55,0
DA:65,0
DA:70,0
DA:96,0
DA:98,0
DA:99,0
DA:105,0
DA:106,0
DA:108,0
DA:109,0
DA:111,0
DA:113,0
DA:115,0
DA:117,0
DA:143,0
DA:145,0
DA:150,0
DA:151,0
DA:162,0
DA:164,0
DA:167,0
DA:176,0
DA:177,0
DA:179,0
DA:185,0
DA:221,3
DA:243,1
DA:247,1
DA:248,1
DA:249,1
DA:250,1
DA:251,1
DA:260,1
DA:261,2
DA:262,1
DA:272,2
DA:279,1
DA:303,1
DA:305,1
DA:306,1
DA:312,1
DA:313,1
DA:315,2
DA:316,1
DA:318,1
DA:320,1
DA:322,1
DA:324,1
DA:356,1
DA:357,1
DA:382,1
DA:383,1
DA:385,2
DA:391,2
DA:426,0
DA:427,0
DA:430,0
DA:436,2
DA:438,0
DA:440,0
DA:441,0
DA:444,0
DA:446,0
DA:450,1
DA:452,1
DA:453,5
LF:74
LH:33
BRDA:14,0,0,0
BRDA:221,0,0,2
BRDA:426,0,0,0
BRDA:436,0,0,1
BRDA:438,0,0,0
BRDA:450,0,0,1
end_of_record
SF:lib/uiwidgets/decorations.dart
DA:10,3
DA:35,1
DA:37,1
DA:38,6
DA:41,1
DA:42,1
DA:52,1
DA:54,1
DA:55,2
DA:58,1
DA:60,1
DA:62,1
DA:63,1
DA:64,1
DA:65,1
DA:66,1
DA:68,3
DA:72,3
DA:75,1
DA:76,0
DA:77,0
DA:79,0
DA:80,0
DA:89,4
DA:91,1
DA:94,1
DA:96,1
DA:99,1
DA:101,3
DA:104,1
DA:106,1
DA:113,4
DA:120,1
DA:121,1
DA:122,1
DA:124,3
DA:129,0
DA:131,0
DA:132,0
DA:133,0
DA:134,0
DA:150,1
DA:156,1
DA:157,1
DA:171,1
DA:173,2
DA:174,2
DA:175,1
DA:178,1
DA:180,1
DA:181,1
DA:182,1
DA:183,0
DA:186,1
DA:187,1
DA:191,1
DA:192,1
DA:200,1
DA:202,1
DA:206,0
DA:208,2
DA:211,2
DA:221,1
DA:227,1
DA:229,3
DA:230,3
DA:231,1
DA:234,1
DA:235,1
DA:236,1
DA:241,1
DA:244,1
DA:245,4
DA:248,1
DA:255,1
DA:257,1
DA:259,2
DA:261,1
DA:262,2
DA:265,1
DA:266,1
DA:267,4
DA:269,3
DA:270,4
DA:275,1
DA:276,2
DA:278,1
DA:279,1
DA:280,3
DA:282,3
DA:283,4
DA:292,0
DA:294,0
DA:296,0
DA:297,0
DA:298,0
DA:299,0
DA:300,0
DA:303,0
DA:304,0
DA:305,0
DA:359,0
DA:366,0
DA:368,0
DA:369,0
DA:371,0
DA:372,0
DA:373,0
DA:374,0
DA:375,0
DA:376,0
DA:377,0
DA:378,0
DA:383,0
DA:385,0
DA:386,0
DA:388,0
DA:389,0
DA:392,0
DA:402,0
DA:404,0
DA:405,0
DA:409,0
DA:411,0
DA:415,0
DA:418,0
DA:419,0
DA:420,0
DA:421,0
DA:425,0
DA:427,0
DA:428,0
DA:429,0
DA:430,0
DA:434,0
DA:436,0
DA:437,0
DA:438,0
DA:442,0
DA:445,0
DA:446,0
DA:450,0
DA:452,0
DA:453,0
DA:454,0
DA:459,0
DA:460,0
DA:464,0
DA:472,0
DA:473,0
DA:475,0
DA:478,0
DA:479,0
DA:493,0
DA:495,0
DA:496,0
DA:510,1
DA:512,1
DA:513,1
DA:518,2
DA:524,1
DA:530,1
DA:532,2
DA:533,1
DA:536,1
DA:538,1
DA:540,1
DA:541,1
DA:543,1
DA:545,1
DA:548,1
DA:549,1
DA:550,1
DA:551,1
DA:552,1
DA:553,2
DA:564,1
DA:565,1
DA:567,3
DA:568,3
DA:569,1
DA:570,1
DA:571,1
DA:573,1
DA:574,6
DA:575,1
DA:576,3
LF:187
LH:111
BRDA:10,0,0,2
BRDA:35,0,0,1
BRDA:37,0,0,1
BRDA:41,0,0,1
BRDA:52,0,0,1
BRDA:58,0,0,1
BRDA:76,0,0,0
BRDA:77,0,0,0
BRDA:129,0,0,0
BRDA:131,0,0,0
BRDA:150,0,0,1
BRDA:156,0,0,1
BRDA:171,0,0,1
BRDA:178,0,0,1
BRDA:183,0,0,0
BRDA:206,0,0,0
BRDA:221,0,0,1
BRDA:227,0,0,1
BRDA:255,0,0,1
BRDA:257,0,0,1
BRDA:292,0,0,0
BRDA:294,0,0,0
BRDA:359,0,0,0
BRDA:366,0,0,0
BRDA:372,0,0,0
BRDA:383,0,0,0
BRDA:402,0,0,0
BRDA:404,0,0,0
BRDA:409,0,0,0
BRDA:419,0,0,0
BRDA:421,0,0,0
BRDA:425,0,0,0
BRDA:510,0,0,0
BRDA:512,0,0,1
BRDA:518,0,0,1
BRDA:530,0,0,1
BRDA:536,0,0,1
BRDA:551,0,0,1
BRDA:571,0,0,1
end_of_record
SF:lib/uiwidgets/calendar.dart
DA:12,1
DA:14,0
DA:15,0
DA:24,0
DA:25,0
DA:30,0
DA:31,0
DA:32,0
DA:36,0
DA:37,0
DA:40,0
DA:41,0
DA:43,0
DA:44,0
DA:46,0
DA:53,0
DA:54,0
DA:55,0
DA:56,0
DA:60,0
DA:61,0
DA:62,0
DA:64,0
DA:65,0
DA:68,0
DA:71,0
DA:74,0
DA:75,0
DA:76,0
DA:77,0
DA:78,0
DA:79,0
DA:80,0
DA:85,0
DA:87,0
DA:88,0
DA:90,0
DA:91,0
DA:92,0
DA:93,0
DA:94,0
DA:97,0
DA:98,0
DA:99,0
DA:102,0
DA:103,0
DA:104,0
DA:106,0
DA:107,0
DA:111,0
DA:114,0
DA:115,0
DA:116,0
DA:124,0
DA:125,0
DA:126,0
DA:127,0
DA:129,0
DA:132,0
DA:137,0
LF:60
LH:1
BRDA:12,0,0,0
BRDA:14,0,0,0
BRDA:24,0,0,0
BRDA:25,0,0,0
BRDA:30,0,0,0
BRDA:31,0,0,0
BRDA:53,0,0,0
BRDA:61,0,0,0
BRDA:64,0,0,0
BRDA:71,0,0,0
BRDA:97,0,0,0
BRDA:114,0,0,0
BRDA:125,0,0,0
end_of_record
SF:lib/provider/entry.dart
DA:6,0
DA:9,3
DA:10,1
DA:11,1
DA:12,1
DA:13,1
DA:14,1
DA:15,1
DA:16,1
DA:17,1
DA:18,1
DA:19,1
DA:37,3
DA:60,1
DA:62,1
DA:67,1
DA:68,0
DA:69,0
DA:70,0
DA:75,1
DA:76,1
DA:77,2
DA:78,1
DA:79,0
DA:91,1
DA:92,1
DA:94,2
DA:95,4
DA:97,2
DA:98,1
DA:100,1
DA:135,1
DA:148,0
DA:172,0
DA:179,0
DA:182,0
DA:188,0
DA:190,0
DA:191,0
DA:193,0
DA:194,0
DA:197,0
DA:198,0
DA:199,0
DA:200,0
DA:201,0
DA:202,0
DA:203,0
DA:204,0
DA:205,0
DA:206,0
DA:207,0
DA:208,0
DA:209,0
DA:210,0
DA:211,0
DA:213,0
DA:214,0
DA:221,0
DA:222,0
DA:223,0
DA:224,0
DA:225,0
DA:226,0
DA:231,0
DA:241,0
DA:243,0
DA:244,0
DA:248,0
DA:249,0
DA:250,0
DA:251,0
DA:255,0
DA:256,0
DA:257,0
DA:258,0
LF:76
LH:27
BRDA:6,0,0,0
BRDA:9,0,0,2
BRDA:37,0,0,2
BRDA:60,0,0,1
BRDA:91,0,0,1
BRDA:135,0,0,1
BRDA:148,0,0,0
BRDA:172,0,0,0
BRDA:182,0,0,0
BRDA:197,0,0,0
BRDA:200,0,0,0
BRDA:221,0,0,0
BRDA:241,0,0,0
BRDA:248,0,0,0
BRDA:249,0,0,0
BRDA:255,0,0,0
BRDA:256,0,0,0
end_of_record
SF:lib/provider/encryptor.dart
DA:30,0
DA:31,0
DA:35,0
DA:38,0
DA:39,0
DA:40,0
DA:41,0
DA:45,0
DA:61,1
DA:64,1
DA:65,1
DA:68,3
DA:71,4
DA:73,1
DA:74,2
DA:75,2
DA:76,1
DA:80,2
DA:81,1
DA:91,1
DA:92,1
DA:94,3
DA:97,1
DA:98,1
DA:101,3
DA:104,4
DA:106,1
DA:107,2
DA:108,2
DA:109,1
DA:113,2
DA:115,1
DA:126,1
DA:127,1
DA:129,3
DA:136,1
DA:137,1
DA:140,3
DA:141,1
DA:142,1
DA:146,1
DA:147,1
DA:150,3
DA:151,1
DA:152,1
DA:158,0
DA:160,0
DA:161,0
DA:163,0
DA:167,0
DA:170,0
DA:173,0
DA:174,0
DA:175,0
DA:176,0
DA:180,0
DA:183,0
DA:195,0
DA:197,0
DA:198,0
DA:199,0
DA:207,0
DA:208,0
DA:210,0
DA:211,0
DA:215,0
DA:217,0
DA:218,0
DA:223,0
DA:224,0
DA:225,0
DA:226,0
DA:227,0
DA:228,0
DA:235,0
DA:236,0
DA:237,0
DA:238,0
DA:241,0
DA:243,0
DA:244,0
DA:247,2
DA:248,2
DA:250,1
DA:251,1
DA:252,1
DA:253,2
DA:255,1
DA:258,1
DA:259,1
DA:260,1
DA:261,1
DA:262,3
DA:264,1
DA:265,1
DA:267,1
DA:268,1
DA:271,0
DA:272,0
DA:276,1
DA:278,1
DA:279,1
DA:280,1
DA:282,1
DA:286,1
DA:296,0
DA:297,0
DA:298,0
DA:299,0
DA:300,0
DA:303,0
DA:304,0
DA:305,0
DA:310,0
DA:311,0
DA:312,0
DA:313,0
DA:316,0
DA:317,0
DA:318,0
DA:319,0
DA:320,0
DA:325,1
DA:327,3
DA:328,3
DA:329,1
DA:330,5
DA:331,4
DA:333,1
DA:336,1
DA:337,1
DA:338,3
DA:339,3
DA:340,1
LF:134
LH:71
BRDA:30,0,0,0
BRDA:45,0,0,0
BRDA:61,0,0,1
BRDA:94,0,0,1
BRDA:129,0,0,1
BRDA:136,0,0,1
BRDA:146,0,0,1
BRDA:158,0,0,0
BRDA:195,0,0,0
BRDA:198,0,0,0
BRDA:223,0,0,0
BRDA:225,0,0,0
BRDA:247,0,0,1
BRDA:250,0,0,1
BRDA:258,0,0,1
BRDA:286,0,0,1
BRDA:296,0,0,0
BRDA:303,0,0,0
BRDA:310,0,0,0
BRDA:316,0,0,0
BRDA:325,0,0,1
BRDA:336,0,0,1
end_of_record
