SF:lib/exceptions/exception.dart
DA:6,1
LF:1
LH:1
end_of_record
SF:lib/provider/encryptor.dart
DA:30,1
DA:31,1
DA:35,1
DA:38,2
DA:39,1
DA:40,1
DA:41,1
DA:45,1
DA:60,1
DA:63,1
DA:64,0
DA:66,0
DA:68,0
DA:70,0
DA:71,0
DA:72,0
DA:73,0
DA:76,0
DA:77,0
DA:87,0
DA:88,0
DA:90,0
DA:93,1
DA:94,1
DA:96,2
DA:98,4
DA:100,1
DA:101,2
DA:102,2
DA:103,1
DA:106,2
DA:108,1
DA:119,1
DA:120,1
DA:122,3
DA:129,1
DA:130,1
DA:132,2
DA:133,1
DA:134,1
DA:138,1
DA:139,1
DA:141,2
DA:142,1
DA:143,1
DA:149,1
DA:150,2
DA:152,1
DA:154,2
DA:156,4
DA:158,2
DA:159,2
DA:160,2
DA:161,1
DA:164,2
DA:167,3
DA:180,1
DA:182,1
DA:183,3
DA:184,1
DA:190,2
DA:191,1
DA:193,1
DA:194,4
DA:198,1
DA:199,1
DA:200,1
DA:201,3
DA:206,1
DA:207,1
DA:208,3
DA:210,1
DA:211,1
DA:212,1
DA:217,2
DA:218,1
DA:219,1
DA:220,4
DA:223,1
DA:224,1
DA:225,1
DA:226,3
DA:229,1
DA:230,2
DA:231,1
DA:233,1
DA:234,2
DA:235,1
DA:236,2
DA:239,1
DA:240,1
DA:241,3
DA:243,1
DA:244,1
DA:246,1
DA:247,1
DA:250,1
DA:251,1
DA:255,1
DA:257,1
DA:258,1
DA:259,1
DA:261,1
DA:264,0
DA:271,0
DA:272,0
DA:273,0
DA:274,0
DA:275,0
DA:278,0
DA:279,0
DA:284,1
DA:285,1
DA:286,1
DA:287,3
DA:289,1
DA:290,1
DA:291,2
DA:292,2
DA:293,1
DA:298,1
DA:300,3
DA:301,3
DA:302,1
DA:303,5
DA:304,4
DA:306,1
DA:308,1
DA:309,1
DA:310,3
DA:311,3
DA:312,1
LF:132
LH:112
end_of_record
SF:lib/helper/classes.dart
DA:9,0
DA:20,0
LF:2
LH:0
end_of_record
SF:lib/provider/settings.dart
DA:37,0
DA:41,0
DA:45,3
DA:47,1
DA:50,2
DA:57,0
DA:58,0
DA:59,0
DA:61,0
DA:64,0
DA:65,0
DA:69,0
DA:70,0
DA:71,0
DA:73,0
DA:76,0
DA:78,0
DA:81,0
DA:85,0
DA:86,0
DA:87,0
DA:88,0
DA:89,0
DA:93,0
DA:96,0
DA:97,0
DA:98,0
DA:99,0
DA:101,0
DA:113,0
DA:115,0
DA:117,0
DA:120,0
DA:122,0
DA:123,0
DA:124,0
DA:125,0
DA:126,0
DA:127,0
DA:128,0
DA:129,0
DA:130,0
DA:131,0
DA:132,0
DA:134,0
DA:148,1
DA:149,1
DA:150,0
DA:152,0
DA:155,0
DA:158,0
DA:159,0
DA:160,0
DA:163,0
DA:164,0
DA:165,0
DA:169,0
DA:170,0
DA:173,0
DA:174,0
DA:176,0
DA:179,0
DA:181,0
DA:183,0
DA:187,3
DA:188,0
DA:189,0
DA:190,3
DA:191,0
DA:192,0
DA:194,0
DA:195,0
DA:196,0
DA:197,0
DA:198,0
DA:203,0
DA:204,0
DA:205,0
DA:206,0
DA:207,0
DA:208,0
DA:209,0
DA:210,0
DA:212,0
DA:213,0
DA:214,0
DA:215,0
DA:216,0
DA:218,0
LF:89
LH:7
end_of_record
SF:lib/provider/theme_settings.dart
DA:14,0
DA:36,0
DA:40,0
DA:41,0
DA:42,0
DA:43,0
DA:44,0
DA:53,0
DA:54,0
DA:55,0
DA:65,0
DA:69,0
DA:95,0
DA:97,0
DA:98,0
DA:104,0
DA:105,0
DA:107,0
DA:108,0
DA:110,0
DA:112,0
DA:114,0
DA:116,0
DA:142,0
DA:143,0
DA:148,0
DA:149,0
DA:160,0
DA:162,0
DA:165,0
DA:174,0
DA:175,0
DA:177,0
DA:183,0
DA:219,0
DA:241,0
DA:245,0
DA:246,0
DA:247,0
DA:248,0
DA:249,0
DA:258,0
DA:259,0
DA:260,0
DA:270,0
DA:276,0
DA:300,0
DA:302,0
DA:303,0
DA:309,0
DA:310,0
DA:312,0
DA:313,0
DA:315,0
DA:317,0
DA:319,0
DA:321,0
DA:353,0
DA:354,0
DA:379,0
DA:380,0
DA:382,0
DA:388,0
DA:423,0
DA:424,0
DA:427,0
DA:433,0
DA:435,0
DA:437,0
DA:438,0
DA:441,0
DA:443,0
LF:72
LH:0
end_of_record
