<?xml version="1.0" encoding="UTF-8" standalone="no"?>
<?xml-stylesheet type="text/xsl" href="../../jgenhtml.xsl"?><coverage branch-rate="0.33333334" branches-covered="2" branches-valid="6" complexity="0" date="2023-10-15" filename="dashboard.dart" function-rate="NaN" functions-covered="0" functions-valid="0" line-rate="0.75" lines-covered="9" lines-valid="12" package="lib/pages" testname="lcov.info" version="1.6">
<lines>
<line number="1">
<code>import 'package:app/pages/entries.dart';</code>
</line>
<line number="2">
<code>import 'package:flutter/material.dart';</code>
</line>
<line number="3">
<code>import 'package:app/uiwidgets/settings_button.dart';</code>
</line>
<line number="4">
<code/>
</line>
<line number="5">
<code>class DashboardPage extends StatefulWidget {</code>
</line>
<line hits="0" number="6">
<code>  static Route&lt;dynamic&gt; route() {</code>
<branch block="0" number="0" taken="0"/>
</line>
<line hits="0" number="7">
<code>    return MaterialPageRoute(builder: (context) =&gt; const DashboardPage());</code>
<branch block="0" number="0" taken="0"/>
</line>
<line number="8">
<code>  }</code>
</line>
<line number="9">
<code/>
</line>
<line hits="2" number="10">
<code>  const DashboardPage({super.key });</code>
<hit count="2" name="&lt;unnamed&gt;"/>
<branch block="0" number="0" taken="0"/>
</line>
<line number="11">
<code/>
</line>
<line hits="1" number="12">
<code>  @override</code>
<hit count="1" name="&lt;unnamed&gt;"/>
<branch block="0" number="0" taken="1">
<hit count="1" name="&lt;unnamed&gt;"/>
</branch>
</line>
<line hits="1" number="13">
<code>  State&lt;DashboardPage&gt; createState() =&gt; _DashboardPageState();</code>
<hit count="1" name="&lt;unnamed&gt;"/>
</line>
<line number="14">
<code>}</code>
</line>
<line number="15">
<code/>
</line>
<line number="16">
<code>class _DashboardPageState extends State&lt;DashboardPage&gt; {</code>
</line>
<line number="17">
<code/>
</line>
<line hits="1" number="18">
<code>  @override</code>
<hit count="1" name="&lt;unnamed&gt;"/>
<branch block="0" number="0" taken="1">
<hit count="1" name="&lt;unnamed&gt;"/>
</branch>
</line>
<line number="19">
<code>  Widget build(BuildContext context) {</code>
</line>
<line hits="1" number="20">
<code>        return Scaffold(</code>
<hit count="1" name="&lt;unnamed&gt;"/>
</line>
<line hits="1" number="21">
<code>            body: SafeArea(</code>
<hit count="1" name="&lt;unnamed&gt;"/>
</line>
<line hits="1" number="22">
<code>              child: Column(</code>
<hit count="1" name="&lt;unnamed&gt;"/>
</line>
<line hits="1" number="23">
<code>                children: [</code>
<hit count="1" name="&lt;unnamed&gt;"/>
</line>
<line number="24">
<code>                  const Text('Dashboard'),</code>
</line>
<line hits="1" number="25">
<code>                  ElevatedButton(onPressed: (){</code>
<hit count="1" name="&lt;unnamed&gt;"/>
<branch block="0" number="0" taken="0"/>
</line>
<line hits="0" number="26">
<code>                    Navigator.of(context).pushReplacement(EntriesPage.route());</code>
</line>
<line number="27">
<code>                  }, child: const Text('nextPageEntries') ),</code>
</line>
<line number="28">
<code>                  const SettingsButton(),</code>
</line>
<line number="29">
<code>                ],</code>
</line>
<line number="30">
<code>              ),</code>
</line>
<line number="31">
<code>            )</code>
</line>
<line number="32">
<code>        );</code>
</line>
<line number="33">
<code>  }</code>
</line>
<line number="34">
<code>}</code>
</line>
</lines>
<config branch-coverage="true" description-file="false" function-coverage="true" genhtml_hi_limit="90" genhtml_med_limit="75" legend="false" no-sort="false" no-source="false" show-details="false"/>
<base href="../../"/>
<base href="../../"/>
</coverage>
