<?xml version="1.0" encoding="UTF-8" standalone="no"?>
<?xml-stylesheet type="text/xsl" href="../../jgenhtml.xsl"?><coverage branch-rate="0.2" branches-covered="6" branches-valid="30" complexity="0" date="2023-10-15" filename="index" function-rate="NaN" functions-covered="0" functions-valid="0" line-rate="0.38333333" lines-covered="23" lines-valid="60" package="lib/pages" testname="lcov.info" version="1.6">
<sources>
<source branches-hit="2" branches-valid="6" filename="dashboard.dart" functions-hit="0" functions-valid="0" lines-hit="9" lines-valid="12" prefix="/Users/Katri/Desktop/PocketTherapist/Pocket-Therapist/app/">
<testCase branches-hit="2" functions-hit="0" lines-hit="9" name="&lt;unnamed&gt;"/>
</source>
<source branches-hit="0" branches-valid="6" filename="calendar.dart" functions-hit="0" functions-valid="0" lines-hit="1" lines-valid="12" prefix="/Users/Katri/Desktop/PocketTherapist/Pocket-Therapist/app/">
<testCase branches-hit="0" functions-hit="0" lines-hit="1" name="&lt;unnamed&gt;"/>
</source>
<source branches-hit="0" branches-valid="6" filename="plans.dart" functions-hit="0" functions-valid="0" lines-hit="1" lines-valid="12" prefix="/Users/Katri/Desktop/PocketTherapist/Pocket-Therapist/app/">
<testCase branches-hit="0" functions-hit="0" lines-hit="1" name="&lt;unnamed&gt;"/>
</source>
<source branches-hit="4" branches-valid="6" filename="settings.dart" functions-hit="0" functions-valid="0" lines-hit="11" lines-valid="12" prefix="/Users/Katri/Desktop/PocketTherapist/Pocket-Therapist/app/">
<testCase branches-hit="4" functions-hit="0" lines-hit="11" name="&lt;unnamed&gt;"/>
</source>
<source branches-hit="0" branches-valid="6" filename="entries.dart" functions-hit="0" functions-valid="0" lines-hit="1" lines-valid="12" prefix="/Users/Katri/Desktop/PocketTherapist/Pocket-Therapist/app/">
<testCase branches-hit="0" functions-hit="0" lines-hit="1" name="&lt;unnamed&gt;"/>
</source>
</sources>
<config branch-coverage="true" description-file="false" function-coverage="true" genhtml_hi_limit="90" genhtml_med_limit="75" legend="false" no-sort="false" no-source="false" show-details="false"/>
<base href="../../"/>
<base href="../../"/>
</coverage>
