<?xml version="1.0" encoding="UTF-8" standalone="no"?>
<?xml-stylesheet type="text/xsl" href="../jgenhtml.xsl"?><coverage branch-rate="0.5" branches-covered="2" branches-valid="4" complexity="0" date="2023-10-15" filename="index" function-rate="NaN" functions-covered="0" functions-valid="0" line-rate="0.8333333" lines-covered="10" lines-valid="12" package="lib" testname="lcov.info" version="1.6">
<sources>
<source branches-hit="2" branches-valid="4" filename="main.dart" functions-hit="0" functions-valid="0" lines-hit="10" lines-valid="12" prefix="/Users/Katri/Desktop/PocketTherapist/Pocket-Therapist/app/">
<testCase branches-hit="2" functions-hit="0" lines-hit="10" name="&lt;unnamed&gt;"/>
</source>
</sources>
<config branch-coverage="true" description-file="false" function-coverage="true" genhtml_hi_limit="90" genhtml_med_limit="75" legend="false" no-sort="false" no-source="false" show-details="false"/>
<base href="../"/>
<base href="../"/>
</coverage>
