<?xml version="1.0" encoding="UTF-8" standalone="no"?>
<?xml-stylesheet type="text/xsl" href="../jgenhtml.xsl"?><coverage branch-rate="0.5" branches-covered="2" branches-valid="4" complexity="0" date="2023-10-15" filename="main.dart" function-rate="NaN" functions-covered="0" functions-valid="0" line-rate="0.8333333" lines-covered="10" lines-valid="12" package="lib" testname="lcov.info" version="1.6">
<lines>
<line number="1">
<code>import 'package:flutter/material.dart';</code>
</line>
<line number="2">
<code>// ------------------- Pages ----------</code>
</line>
<line number="3">
<code>import 'package:app/pages/dashboard.dart';</code>
</line>
<line number="4">
<code/>
</line>
<line hits="0" number="5">
<code>void main() {</code>
<branch block="0" number="0" taken="0"/>
</line>
<line number="6">
<code>  //Things that need to be done before the application is ran.</code>
</line>
<line number="7">
<code>  // await initialization(null);</code>
</line>
<line hits="0" number="8">
<code>  runApp(const RootApp());</code>
</line>
<line number="9">
<code>}</code>
</line>
<line number="10">
<code>//</code>
</line>
<line number="11">
<code>// Future initialization(BuildContext? context) async {</code>
</line>
<line number="12">
<code>//</code>
</line>
<line number="13">
<code>// }</code>
</line>
<line number="14">
<code/>
</line>
<line number="15">
<code>class RootApp extends StatefulWidget {</code>
</line>
<line hits="2" number="16">
<code>  const RootApp({super.key});</code>
<hit count="2" name="&lt;unnamed&gt;"/>
<branch block="0" number="0" taken="0"/>
</line>
<line number="17">
<code/>
</line>
<line number="18">
<code>  // This will need to change eventually.</code>
</line>
<line number="19">
<code/>
</line>
<line hits="1" number="20">
<code>  @override</code>
<hit count="1" name="&lt;unnamed&gt;"/>
<branch block="0" number="0" taken="1">
<hit count="1" name="&lt;unnamed&gt;"/>
</branch>
</line>
<line hits="1" number="21">
<code>  State&lt;RootApp&gt; createState() =&gt; _RootAppState();</code>
<hit count="1" name="&lt;unnamed&gt;"/>
</line>
<line number="22">
<code>}</code>
</line>
<line number="23">
<code/>
</line>
<line number="24">
<code>class _RootAppState extends State&lt;RootApp&gt; {</code>
</line>
<line number="25">
<code/>
</line>
<line hits="1" number="26">
<code>  @override</code>
<hit count="1" name="&lt;unnamed&gt;"/>
<branch block="0" number="0" taken="1">
<hit count="1" name="&lt;unnamed&gt;"/>
</branch>
</line>
<line number="27">
<code>  Widget build(BuildContext context) {</code>
</line>
<line hits="1" number="28">
<code>    return MaterialApp(</code>
<hit count="1" name="&lt;unnamed&gt;"/>
</line>
<line number="29">
<code>      debugShowCheckedModeBanner: false,</code>
</line>
<line number="30">
<code>      themeMode: ThemeMode.system,</code>
</line>
<line hits="2" number="31">
<code>      theme: ThemeData.light().copyWith(</code>
<hit count="2" name="&lt;unnamed&gt;"/>
</line>
<line number="32">
<code>        useMaterial3: true,</code>
</line>
<line number="33">
<code>        colorScheme:</code>
</line>
<line hits="2" number="34">
<code>            ColorScheme.fromSeed(seedColor: Colors.deepPurple).copyWith(</code>
<hit count="2" name="&lt;unnamed&gt;"/>
</line>
<line number="35">
<code>          brightness: Brightness.light,</code>
</line>
<line number="36">
<code>          background: Colors.white,</code>
</line>
<line number="37">
<code>        ),</code>
</line>
<line number="38">
<code>        textTheme: const TextTheme(</code>
</line>
<line number="39">
<code>          bodyMedium: TextStyle(</code>
</line>
<line number="40">
<code>              color: Colors.deepPurpleAccent,</code>
</line>
<line number="41">
<code>              fontSize: 14,</code>
</line>
<line number="42">
<code>              fontWeight: FontWeight.bold),</code>
</line>
<line number="43">
<code>        ),</code>
</line>
<line number="44">
<code>      ),</code>
</line>
<line hits="2" number="45">
<code>      darkTheme: ThemeData.dark().copyWith(</code>
<hit count="2" name="&lt;unnamed&gt;"/>
</line>
<line number="46">
<code>          useMaterial3: true,</code>
</line>
<line hits="1" number="47">
<code>          colorScheme: ColorScheme.fromSeed(seedColor: Colors.deepOrange)</code>
<hit count="1" name="&lt;unnamed&gt;"/>
</line>
<line hits="1" number="48">
<code>              .copyWith(</code>
<hit count="1" name="&lt;unnamed&gt;"/>
</line>
<line number="49">
<code>                  brightness: Brightness.dark, background: Colors.black54),</code>
</line>
<line number="50">
<code>          textTheme: const TextTheme(</code>
</line>
<line number="51">
<code>              bodyMedium: TextStyle(</code>
</line>
<line number="52">
<code>                  color: Colors.deepOrangeAccent,</code>
</line>
<line number="53">
<code>                  fontSize: 14,</code>
</line>
<line number="54">
<code>                  fontWeight: FontWeight.bold))),</code>
</line>
<line number="55">
<code>      home: const DashboardPage(),</code>
</line>
<line number="56">
<code>    );</code>
</line>
<line number="57">
<code>  }</code>
</line>
<line number="58">
<code>}</code>
</line>
<line number="59">
<code/>
</line>
<line number="60">
<code/>
</line>
<line number="61">
<code>// Used for displaying the splashscreen and then the dashboard, but when used with routes, causes</code>
</line>
<line number="62">
<code>// Duplicate entries.</code>
</line>
<line number="63">
<code>//</code>
</line>
<line number="64">
<code/>
</line>
</lines>
<config branch-coverage="true" description-file="false" function-coverage="true" genhtml_hi_limit="90" genhtml_med_limit="75" legend="false" no-sort="false" no-source="false" show-details="false"/>
<base href="../"/>
<base href="../"/>
</coverage>
